<?xml version="1.0" encoding="UTF-8"?>
<testsuite name="com.example.book.springboot.dto.HelloResponseDtoTest" tests="1" skipped="0" failures="0" errors="0" timestamp="2021-07-22T10:10:10" hostname="tachyons-MacBook-Pro.local" time="0.251">
  <properties/>
  <testcase name="lombokFunctionTest" classname="com.example.book.springboot.dto.HelloResponseDtoTest" time="0.251"/>
  <system-out><![CDATA[]]></system-out>
  <system-err><![CDATA[]]></system-err>
</testsuite>
