<?xml version="1.0" encoding="UTF-8"?>
<testsuite name="com.example.book.springboot.domain.posts.PostsRepositoryTest" tests="2" skipped="0" failures="0" errors="0" timestamp="2021-07-22T10:11:05" hostname="tachyons-MacBook-Pro.local" time="0.126">
  <properties/>
  <testcase name="BaseTimeEntitySaveTest" classname="com.example.book.springboot.domain.posts.PostsRepositoryTest" time="0.059"/>
  <testcase name="insertList" classname="com.example.book.springboot.domain.posts.PostsRepositoryTest" time="0.065"/>
  <system-out><![CDATA[2021-07-22 19:10:48.203  INFO 49581 --- [    Test worker] .b.t.c.SpringBootTestContextBootstrapper : Neither @ContextConfiguration nor @ContextHierarchy found for test class [com.example.book.springboot.domain.posts.PostsRepositoryTest], using SpringBootContextLoader
2021-07-22 19:10:48.205  INFO 49581 --- [    Test worker] o.s.t.c.support.AbstractContextLoader    : Could not detect default resource locations for test class [com.example.book.springboot.domain.posts.PostsRepositoryTest]: no resource found for suffixes {-context.xml, Context.groovy}.
2021-07-22 19:10:48.205  INFO 49581 --- [    Test worker] t.c.s.AnnotationConfigContextLoaderUtils : Could not detect default configuration classes for test class [com.example.book.springboot.domain.posts.PostsRepositoryTest]: PostsRepositoryTest does not declare any static, non-private, non-final, nested classes annotated with @Configuration.
2021-07-22 19:10:48.221  INFO 49581 --- [    Test worker] .b.t.c.SpringBootTestContextBootstrapper : Found @SpringBootConfiguration com.example.book.springboot.Application for test class com.example.book.springboot.domain.posts.PostsRepositoryTest
2021-07-22 19:10:48.224  INFO 49581 --- [    Test worker] .b.t.c.SpringBootTestContextBootstrapper : Loaded default TestExecutionListener class names from location [META-INF/spring.factories]: [org.springframework.security.test.context.support.WithSecurityContextTestExecutionListener, org.springframework.security.test.context.support.ReactorContextTestExecutionListener, org.springframework.boot.test.autoconfigure.restdocs.RestDocsTestExecutionListener, org.springframework.boot.test.autoconfigure.web.client.MockRestServiceServerResetTestExecutionListener, org.springframework.boot.test.autoconfigure.web.servlet.MockMvcPrintOnlyOnFailureTestExecutionListener, org.springframework.boot.test.autoconfigure.web.servlet.WebDriverTestExecutionListener, org.springframework.boot.test.mock.mockito.MockitoTestExecutionListener, org.springframework.boot.test.mock.mockito.ResetMocksTestExecutionListener, org.springframework.test.context.web.ServletTestExecutionListener, org.springframework.test.context.support.DirtiesContextBeforeModesTestExecutionListener, org.springframework.test.context.support.DependencyInjectionTestExecutionListener, org.springframework.test.context.support.DirtiesContextTestExecutionListener, org.springframework.test.context.transaction.TransactionalTestExecutionListener, org.springframework.test.context.jdbc.SqlScriptsTestExecutionListener]
2021-07-22 19:10:48.225  INFO 49581 --- [    Test worker] .b.t.c.SpringBootTestContextBootstrapper : Using TestExecutionListeners: [org.springframework.test.context.web.ServletTestExecutionListener@6f8f3020, org.springframework.test.context.support.DirtiesContextBeforeModesTestExecutionListener@113628, org.springframework.boot.test.mock.mockito.MockitoTestExecutionListener@2f872a40, org.springframework.boot.test.autoconfigure.SpringBootDependencyInjectionTestExecutionListener@753b6289, org.springframework.test.context.support.DirtiesContextTestExecutionListener@63a3523e, org.springframework.test.context.transaction.TransactionalTestExecutionListener@6a0a9814, org.springframework.test.context.jdbc.SqlScriptsTestExecutionListener@7c497a3f, org.springframework.security.test.context.support.WithSecurityContextTestExecutionListener@52c87015, org.springframework.security.test.context.support.ReactorContextTestExecutionListener@2b03fad0, org.springframework.boot.test.autoconfigure.restdocs.RestDocsTestExecutionListener@15770d9c, org.springframework.boot.test.autoconfigure.web.client.MockRestServiceServerResetTestExecutionListener@22d8058f, org.springframework.boot.test.autoconfigure.web.servlet.MockMvcPrintOnlyOnFailureTestExecutionListener@33018119, org.springframework.boot.test.autoconfigure.web.servlet.WebDriverTestExecutionListener@7e028d3, org.springframework.boot.test.mock.mockito.ResetMocksTestExecutionListener@2ad6de5e]

  .   ____          _            __ _ _
 /\\ / ___'_ __ _ _(_)_ __  __ _ \ \ \ \
( ( )\___ | '_ | '_| | '_ \/ _` | \ \ \ \
 \\/  ___)| |_)| | | | | || (_| |  ) ) ) )
  '  |____| .__|_| |_|_| |_\__, | / / / /
 =========|_|==============|___/=/_/_/_/
 :: Spring Boot ::        (v2.1.7.RELEASE)

2021-07-22 19:11:03.321  INFO 49581 --- [    Test worker] c.e.b.s.d.posts.PostsRepositoryTest      : Starting PostsRepositoryTest on tachyons-MacBook-Pro.local with PID 49581 (started by tachyon in /Users/tachyon/IdeaProjects/freelec-springboot2-webservice)
2021-07-22 19:11:03.322  INFO 49581 --- [    Test worker] c.e.b.s.d.posts.PostsRepositoryTest      : No active profile set, falling back to default profiles: default
2021-07-22 19:11:03.716  INFO 49581 --- [    Test worker] .s.d.r.c.RepositoryConfigurationDelegate : Bootstrapping Spring Data repositories in DEFAULT mode.
2021-07-22 19:11:03.743  INFO 49581 --- [    Test worker] .s.d.r.c.RepositoryConfigurationDelegate : Finished Spring Data repository scanning in 26ms. Found 2 repository interfaces.
2021-07-22 19:11:03.911  INFO 49581 --- [    Test worker] trationDelegate$BeanPostProcessorChecker : Bean 'org.springframework.transaction.annotation.ProxyTransactionManagementConfiguration' of type [org.springframework.transaction.annotation.ProxyTransactionManagementConfiguration$$EnhancerBySpringCGLIB$$94cdf183] is not eligible for getting processed by all BeanPostProcessors (for example: not eligible for auto-proxying)
2021-07-22 19:11:04.048  INFO 49581 --- [    Test worker] com.zaxxer.hikari.HikariDataSource       : HikariPool-2 - Starting...
2021-07-22 19:11:04.051  INFO 49581 --- [    Test worker] com.zaxxer.hikari.HikariDataSource       : HikariPool-2 - Start completed.
2021-07-22 19:11:04.083  INFO 49581 --- [    Test worker] o.hibernate.jpa.internal.util.LogHelper  : HHH000204: Processing PersistenceUnitInfo [
	name: default
	...]
2021-07-22 19:11:04.094  INFO 49581 --- [    Test worker] org.hibernate.dialect.Dialect            : HHH000400: Using dialect: org.hibernate.dialect.MySQL5InnoDBDialect
Hibernate: drop table if exists posts
Hibernate: drop table if exists user
Hibernate: create table posts (id bigint not null auto_increment, created_date datetime, modified_date datetime, author varchar(255), content TEXT not null, title varchar(500) not null, primary key (id)) engine=InnoDB
Hibernate: create table user (id bigint not null auto_increment, created_date datetime, modified_date datetime, email varchar(255) not null, name varchar(255) not null, picture varchar(255), role varchar(255) not null, primary key (id)) engine=InnoDB
2021-07-22 19:11:04.197  INFO 49581 --- [    Test worker] o.h.t.schema.internal.SchemaCreatorImpl  : HHH000476: Executing import script 'org.hibernate.tool.schema.internal.exec.ScriptSourceInputNonExistentImpl@5fe4810e'
2021-07-22 19:11:04.197  INFO 49581 --- [    Test worker] j.LocalContainerEntityManagerFactoryBean : Initialized JPA EntityManagerFactory for persistence unit 'default'
2021-07-22 19:11:04.482  INFO 49581 --- [    Test worker] o.h.h.i.QueryTranslatorFactoryInitiator  : HHH000397: Using ASTQueryTranslatorFactory
2021-07-22 19:11:04.705  INFO 49581 --- [    Test worker] o.s.s.web.DefaultSecurityFilterChain     : Creating filter chain: any request, [org.springframework.security.web.context.request.async.WebAsyncManagerIntegrationFilter@509fec4e, org.springframework.security.web.context.SecurityContextPersistenceFilter@7a4806f2, org.springframework.security.web.header.HeaderWriterFilter@581baa3b, org.springframework.security.web.authentication.logout.LogoutFilter@5c147671, org.springframework.security.oauth2.client.web.OAuth2AuthorizationRequestRedirectFilter@6d30b51, org.springframework.security.oauth2.client.web.OAuth2LoginAuthenticationFilter@7572a8c8, org.springframework.security.web.authentication.ui.DefaultLoginPageGeneratingFilter@665193df, org.springframework.security.web.authentication.ui.DefaultLogoutPageGeneratingFilter@22e26d0e, org.springframework.security.web.savedrequest.RequestCacheAwareFilter@65f268af, org.springframework.security.web.servletapi.SecurityContextHolderAwareRequestFilter@603d4c58, org.springframework.security.web.authentication.AnonymousAuthenticationFilter@3cf57380, org.springframework.security.web.session.SessionManagementFilter@1de37139, org.springframework.security.web.access.ExceptionTranslationFilter@2107c450, org.springframework.security.web.access.intercept.FilterSecurityInterceptor@3f69acc7]
2021-07-22 19:11:05.120  INFO 49581 --- [    Test worker] o.s.s.concurrent.ThreadPoolTaskExecutor  : Initializing ExecutorService 'applicationTaskExecutor'
2021-07-22 19:11:05.143  WARN 49581 --- [    Test worker] aWebConfiguration$JpaWebMvcConfiguration : spring.jpa.open-in-view is enabled by default. Therefore, database queries may be performed during view rendering. Explicitly configure spring.jpa.open-in-view to disable this warning
2021-07-22 19:11:05.186  INFO 49581 --- [    Test worker] o.s.b.a.w.s.WelcomePageHandlerMapping    : Adding welcome page template: index
2021-07-22 19:11:05.727  INFO 49581 --- [    Test worker] s.a.ScheduledAnnotationBeanPostProcessor : No TaskScheduler/ScheduledExecutorService bean found for scheduled processing
2021-07-22 19:11:05.729  INFO 49581 --- [    Test worker] c.e.b.s.d.posts.PostsRepositoryTest      : Started PostsRepositoryTest in 17.473 seconds (JVM running for 57.838)
Hibernate: insert into posts (created_date, modified_date, author, content, title) values (?, ?, ?, ?, ?)
Hibernate: select posts0_.id as id1_0_, posts0_.created_date as created_2_0_, posts0_.modified_date as modified3_0_, posts0_.author as author4_0_, posts0_.content as content5_0_, posts0_.title as title6_0_ from posts posts0_
>>>>> createdDate=2021-07-22T19:11:05.751, modifiedDate=2021-07-22T19:11:05.751
Hibernate: select posts0_.id as id1_0_, posts0_.created_date as created_2_0_, posts0_.modified_date as modified3_0_, posts0_.author as author4_0_, posts0_.content as content5_0_, posts0_.title as title6_0_ from posts posts0_
Hibernate: delete from posts where id=?
Hibernate: insert into posts (created_date, modified_date, author, content, title) values (?, ?, ?, ?, ?)
Hibernate: select posts0_.id as id1_0_, posts0_.created_date as created_2_0_, posts0_.modified_date as modified3_0_, posts0_.author as author4_0_, posts0_.content as content5_0_, posts0_.title as title6_0_ from posts posts0_
Hibernate: select posts0_.id as id1_0_, posts0_.created_date as created_2_0_, posts0_.modified_date as modified3_0_, posts0_.author as author4_0_, posts0_.content as content5_0_, posts0_.title as title6_0_ from posts posts0_
Hibernate: delete from posts where id=?
]]></system-out>
  <system-err><![CDATA[]]></system-err>
</testsuite>
